[debug] > Exec(early(addDefaultCommands), None, None)
[debug] > Exec(addDefaultCommands, None, None)
[debug] > Exec(early(initialize), None, None)
[debug] > Exec(initialize, None, None)
[debug] > Exec(early(addPluginSbtFile="""C:\Users\youssef\AppData\Local\Temp\idea1.sbt"""), None, None)
[debug] > Exec(addPluginSbtFile="""C:\Users\youssef\AppData\Local\Temp\idea1.sbt""", None, None)
[debug] > Exec(boot, None, None)
[debug] > Exec(writeSbtVersion, None, None)
[debug] > Exec(reload, None, None)
[debug] > Exec(sbtStashOnFailure, None, None)
[debug] > Exec(onFailure loadFailed, None, None)
[debug] > Exec(loadp, None, None)
[info] welcome to sbt 1.9.9 (Amazon.com Inc. Java 17.0.11)
[debug]       Load.loadUnit: plugins took 236.7048ms
[debug]       Load.loadUnit: defsScala took 0.5025ms
[debug] [Loading] Scanning directory C:\Users\youssef\.sbt\1.0\plugins
[debug] [Loading] Found non-root projects 
[debug] [Loading] Done in C:\Users\youssef\.sbt\1.0\plugins, returning: ()
[debug] deducing auto plugins based on known facts Set(Atom(sbt.plugins.CorePlugin)) and clauses Clauses(Clause(Atom(sbt.plugins.JvmPlugin),Set(Atom(sbt.plugins.IvyPlugin)))
[debug] Clause(Atom(sbt.ScriptedPlugin),Set(Atom(sbt.plugins.JvmPlugin)))
[debug] Clause(Atom(sbt.plugins.SbtPlugin),Set(Atom(sbt.ScriptedPlugin)))
[debug] Clause(Atom(sbt.plugins.SemanticdbPlugin),Set(Atom(sbt.plugins.JvmPlugin)))
[debug] Clause(Atom(sbt.plugins.JUnitXmlReportPlugin),Set(Atom(sbt.plugins.JvmPlugin)))
[debug] Clause(Atom(sbt.plugins.MiniDependencyTreePlugin),Set(Atom(sbt.plugins.JvmPlugin)))
[debug] Clause(Atom(sbt.plugins.CorePlugin),Set(Atom(sbt.plugins.IvyPlugin)))
[debug] Clause(Atom(sbt.plugins.IvyPlugin),Set(Atom(sbt.plugins.JvmPlugin)))
[debug] Clause(Atom(sbt.plugins.JvmPlugin),Set(Atom(sbt.plugins.SemanticdbPlugin)))
[debug] Clause(Atom(sbt.plugins.JvmPlugin),Set(Atom(sbt.plugins.JUnitXmlReportPlugin)))
[debug] Clause(Atom(sbt.plugins.CorePlugin),Set(Atom(sbt.plugins.Giter8TemplatePlugin)))
[debug] Clause(Atom(sbt.plugins.JvmPlugin),Set(Atom(sbt.plugins.MiniDependencyTreePlugin))))
[debug]   :: deduced result: Matched(sbt.plugins.CorePlugin,sbt.plugins.Giter8TemplatePlugin,sbt.plugins.IvyPlugin,sbt.plugins.JvmPlugin,sbt.plugins.MiniDependencyTreePlugin,sbt.plugins.JUnitXmlReportPlugin,sbt.plugins.SemanticdbPlugin)
[debug] Plugins.deducer#function took 24.3158 ms
[debug]           Load.resolveProject(global-plugins) took 58.6561ms
[debug]         Load.loadTransitive: finalizeProject(Project(id global-plugins, base: C:\Users\youssef\.sbt\1.0\plugins, plugins: List(<none>))) took 108.9182ms
[debug] [Loading] Done in C:\Users\youssef\.sbt\1.0\plugins, returning: (global-plugins)
[debug]       Load.loadUnit: loadedProjectsRaw took 146.0399ms
[debug]       Load.loadUnit: cleanEvalClasses took 0.265ms
[debug]     Load.loadUnit(file:/C:/Users/youssef/.sbt/1.0/plugins/, ...) took 403.0413ms
[debug]   Load.apply: load took 637.9306ms
[debug]   Load.apply: resolveProjects took 12.0652ms
[debug]   Load.apply: finalTransforms took 184.5791ms
[debug]   Load.apply: config.delegates took 10.9709ms
[debug]   Load.apply: Def.make(settings)... took 618.1878ms
[debug]   Load.apply: structureIndex took 356.2645ms
[debug]   Load.apply: mkStreams took 2.1069ms
[info] loading global plugins from C:\Users\youssef\.sbt\1.0\plugins
[debug] Running task... Cancel: Signal, check cycles: false, forcegc: true
[debug] Load.defaultLoad until apply took 10232.2901ms
[debug]           Load.loadUnit: plugins took 20.8539ms
[debug]           Load.loadUnit: defsScala took 0.0052ms
[debug] [Loading] Scanning directory C:\Users\youssef\Documents\chatbot project\faith chatbot\SRC\project
[debug]             Load.loadUnit: mkEval took 7.4218ms
[debug] [Loading] Found non-root projects 
[debug] [Loading] Done in C:\Users\youssef\Documents\chatbot project\faith chatbot\SRC\project, returning: ()
[debug] deducing auto plugins based on known facts Set(Atom(sbt.plugins.CorePlugin)) and clauses Clauses(Clause(Atom(sbt.plugins.JvmPlugin),Set(Atom(sbt.plugins.IvyPlugin)))
[debug] Clause(Atom(sbt.ScriptedPlugin),Set(Atom(sbt.plugins.JvmPlugin)))
[debug] Clause(Atom(sbt.plugins.SbtPlugin),Set(Atom(sbt.ScriptedPlugin)))
[debug] Clause(Atom(sbt.plugins.SemanticdbPlugin),Set(Atom(sbt.plugins.JvmPlugin)))
[debug] Clause(Atom(sbt.plugins.JUnitXmlReportPlugin),Set(Atom(sbt.plugins.JvmPlugin)))
[debug] Clause(Atom(sbt.plugins.MiniDependencyTreePlugin),Set(Atom(sbt.plugins.JvmPlugin)))
[debug] Clause(Atom(sbt.plugins.CorePlugin),Set(Atom(sbt.plugins.IvyPlugin)))
[debug] Clause(Atom(sbt.plugins.IvyPlugin),Set(Atom(sbt.plugins.JvmPlugin)))
[debug] Clause(Atom(sbt.plugins.JvmPlugin),Set(Atom(sbt.plugins.SemanticdbPlugin)))
[debug] Clause(Atom(sbt.plugins.JvmPlugin),Set(Atom(sbt.plugins.JUnitXmlReportPlugin)))
[debug] Clause(Atom(sbt.plugins.CorePlugin),Set(Atom(sbt.plugins.Giter8TemplatePlugin)))
[debug] Clause(Atom(sbt.plugins.JvmPlugin),Set(Atom(sbt.plugins.MiniDependencyTreePlugin))))
[debug]   :: deduced result: Matched(sbt.plugins.CorePlugin,sbt.plugins.Giter8TemplatePlugin,sbt.plugins.IvyPlugin,sbt.plugins.JvmPlugin,sbt.plugins.MiniDependencyTreePlugin,sbt.plugins.JUnitXmlReportPlugin,sbt.plugins.SemanticdbPlugin)
[debug] Plugins.deducer#function took 1.6935 ms
[info] loading settings for project src-build from idea1.sbt ...
[debug]               Load.resolveProject(src-build) took 2.8129ms
[debug]             Load.loadTransitive: finalizeProject(Project(id src-build, base: C:\Users\youssef\Documents\chatbot project\faith chatbot\SRC\project, plugins: List(<none>))) took 5.0335ms
[debug] [Loading] Done in C:\Users\youssef\Documents\chatbot project\faith chatbot\SRC\project, returning: (src-build)
[debug]           Load.loadUnit: loadedProjectsRaw took 2607.5958ms
[debug]           Load.loadUnit: cleanEvalClasses took 7.3837ms
[debug]         Load.loadUnit(file:/C:/Users/youssef/Documents/chatbot%20project/faith%20chatbot/SRC/project/, ...) took 2636.9866ms
[debug]       Load.apply: load took 2638.8863ms
[debug]       Load.apply: resolveProjects took 0.1744ms
[debug]       Load.apply: finalTransforms took 10.9237ms
[debug]       Load.apply: config.delegates took 0.3708ms
[debug]       Load.apply: Def.make(settings)... took 133.2285ms
[debug]       Load.apply: structureIndex took 31.7634ms
[debug]       Load.apply: mkStreams took 0.003ms
[info] loading project definition from C:\Users\youssef\Documents\chatbot project\faith chatbot\SRC\project
[debug] Running task... Cancel: Signal, check cycles: false, forcegc: true
[warn] Unrecognized repository Scala Plugin Bundled Repository, ignoring it
[warn] Unrecognized repository Scala Plugin Bundled Repository, ignoring it
[debug]     Load.loadUnit: plugins took 4188.8538ms
[debug]     Load.loadUnit: defsScala took 0.0047ms
[debug] [Loading] Scanning directory C:\Users\youssef\Documents\chatbot project\faith chatbot\SRC
[debug]       Load.loadUnit: mkEval took 0.1922ms
[debug] [Loading] Found root project root w/ remaining 
[debug] deducing auto plugins based on known facts Set(Atom(sbt.plugins.CorePlugin)) and clauses Clauses(Clause(Atom(sbt.plugins.JvmPlugin),Set(Atom(sbt.plugins.IvyPlugin)))
[debug] Clause(Atom(sbt.ScriptedPlugin),Set(Atom(sbt.plugins.JvmPlugin)))
[debug] Clause(Atom(sbt.plugins.SbtPlugin),Set(Atom(sbt.ScriptedPlugin)))
[debug] Clause(Atom(sbt.plugins.SemanticdbPlugin),Set(Atom(sbt.plugins.JvmPlugin)))
[debug] Clause(Atom(sbt.plugins.JUnitXmlReportPlugin),Set(Atom(sbt.plugins.JvmPlugin)))
[debug] Clause(Atom(sbt.plugins.MiniDependencyTreePlugin),Set(Atom(sbt.plugins.JvmPlugin)))
[debug] Clause(Atom(org.jetbrains.sbt.StructurePlugin),Set(Atom(sbt.plugins.JvmPlugin)))
[debug] Clause(Atom(org.jetbrains.sbt.IdeaShellPlugin),Set(Atom(sbt.plugins.JvmPlugin)))
[debug] Clause(Atom(org.jetbrains.sbt.indices.SbtIntellijIndicesPlugin),Set(Atom(sbt.plugins.JvmPlugin)))
[debug] Clause(Atom(sbt.plugins.CorePlugin),Set(Atom(sbt.plugins.IvyPlugin)))
[debug] Clause(Atom(sbt.plugins.IvyPlugin),Set(Atom(sbt.plugins.JvmPlugin)))
[debug] Clause(Atom(sbt.plugins.JvmPlugin),Set(Atom(sbt.plugins.SemanticdbPlugin)))
[debug] Clause(Atom(sbt.plugins.JvmPlugin),Set(Atom(sbt.plugins.JUnitXmlReportPlugin)))
[debug] Clause(Atom(sbt.plugins.CorePlugin),Set(Atom(sbt.plugins.Giter8TemplatePlugin)))
[debug] Clause(Atom(sbt.plugins.JvmPlugin),Set(Atom(sbt.plugins.MiniDependencyTreePlugin)))
[debug] Clause(Atom(sbt.plugins.JvmPlugin),Set(Atom(org.jetbrains.sbt.StructurePlugin)))
[debug] Clause(Atom(sbt.plugins.JvmPlugin),Set(Atom(org.jetbrains.sbt.IdeaShellPlugin)))
[debug] Clause(And(Set(Atom(sbt.plugins.CorePlugin), Atom(sbt.plugins.JvmPlugin))),Set(Atom(org.jetbrains.sbt.indices.SbtIntellijIndicesPlugin))))
[debug]   :: deduced result: Matched(sbt.plugins.CorePlugin,sbt.plugins.Giter8TemplatePlugin,sbt.plugins.IvyPlugin,sbt.plugins.JvmPlugin,sbt.plugins.SemanticdbPlugin,org.jetbrains.sbt.indices.SbtIntellijIndicesPlugin,sbt.plugins.JUnitXmlReportPlugin,org.jetbrains.sbt.IdeaShellPlugin,org.jetbrains.sbt.StructurePlugin,sbt.plugins.MiniDependencyTreePlugin)
[debug] Plugins.deducer#function took 2.1822 ms
[info] loading settings for project root from build.sbt ...
[debug]         Load.resolveProject(root) took 25.418ms
[debug]       Load.loadTransitive: finalizeProject(Project(id root, base: C:\Users\youssef\Documents\chatbot project\faith chatbot\SRC, plugins: List(<none>))) took 29.9181ms
[debug] [Loading] Done in C:\Users\youssef\Documents\chatbot project\faith chatbot\SRC, returning: (root)
[debug]     Load.loadUnit: loadedProjectsRaw took 1603.3281ms
[debug]     Load.loadUnit: cleanEvalClasses took 20.6478ms
[debug]   Load.loadUnit(file:/C:/Users/youssef/Documents/chatbot%20project/faith%20chatbot/SRC/, ...) took 5813.8984ms
[debug] Load.apply: load took 5816.7592ms
[debug] Load.apply: resolveProjects took 0.0903ms
[debug] Load.apply: finalTransforms took 37.043ms
[debug] Load.apply: config.delegates took 0.2349ms
[debug] Load.apply: Def.make(settings)... took 90.3115ms
[debug] Load.apply: structureIndex took 27.3742ms
[debug] Load.apply: mkStreams took 0.0033ms
[info] set current project to Hatla2ee_chatbot (in build file:/C:/Users/youssef/Documents/chatbot%20project/faith%20chatbot/SRC/)
[debug] > Exec(sbtPopOnFailure, None, None)
[debug] > Exec(resumeFromFailure, None, None)
[debug] > Exec(notifyUsersAboutShell, None, None)
[debug] > Exec(iflast shell, None, None)
[debug] > Exec(; set ideaPort in Global := 57140 ; idea-shell, None, None)
[debug] > Exec(set ideaPort in Global := 57140, None, None)
[info] Defining Global / ideaPort
[info] The new value will be used by Compile / compile, Test / compile
[debug] Defining 
[debug] 	Global / ideaPort
[debug] 
[debug] The new value will be used by 
[debug] 	Compile / compile
[debug] 	Test / compile
[info] Reapplying settings...
[info] set current project to Hatla2ee_chatbot (in build file:/C:/Users/youssef/Documents/chatbot%20project/faith%20chatbot/SRC/)
[debug] > Exec(idea-shell, None, None)
