[debug] > Exec(early(addDefaultCommands), None, None)
[debug] > Exec(addDefaultCommands, None, None)
[debug] > Exec(early(initialize), None, None)
[debug] > Exec(initialize, None, None)
[debug] > Exec(early(addPluginSbtFile="""C:\Users\youssef\AppData\Local\Temp\idea2.sbt"""), None, None)
[debug] > Exec(addPluginSbtFile="""C:\Users\youssef\AppData\Local\Temp\idea2.sbt""", None, None)
[debug] > Exec(boot, None, None)
[debug] > Exec(writeSbtVersion, None, None)
[debug] > Exec(reload, None, None)
[debug] > Exec(sbtStashOnFailure, None, None)
[debug] > Exec(onFailure loadFailed, None, None)
[debug] > Exec(loadp, None, None)
[info] welcome to sbt 1.9.9 (Amazon.com Inc. Java 17.0.11)
[debug]       Load.loadUnit: plugins took 136.6614ms
[debug]       Load.loadUnit: defsScala took 0.3799ms
[debug] [Loading] Scanning directory C:\Users\youssef\.sbt\1.0\plugins
[debug] [Loading] Found non-root projects 
[debug] [Loading] Done in C:\Users\youssef\.sbt\1.0\plugins, returning: ()
[debug] deducing auto plugins based on known facts Set(Atom(sbt.plugins.CorePlugin)) and clauses Clauses(Clause(Atom(sbt.plugins.JvmPlugin),Set(Atom(sbt.plugins.IvyPlugin)))
[debug] Clause(Atom(sbt.ScriptedPlugin),Set(Atom(sbt.plugins.JvmPlugin)))
[debug] Clause(Atom(sbt.plugins.SbtPlugin),Set(Atom(sbt.ScriptedPlugin)))
[debug] Clause(Atom(sbt.plugins.SemanticdbPlugin),Set(Atom(sbt.plugins.JvmPlugin)))
[debug] Clause(Atom(sbt.plugins.JUnitXmlReportPlugin),Set(Atom(sbt.plugins.JvmPlugin)))
[debug] Clause(Atom(sbt.plugins.MiniDependencyTreePlugin),Set(Atom(sbt.plugins.JvmPlugin)))
[debug] Clause(Atom(sbt.plugins.CorePlugin),Set(Atom(sbt.plugins.IvyPlugin)))
[debug] Clause(Atom(sbt.plugins.IvyPlugin),Set(Atom(sbt.plugins.JvmPlugin)))
[debug] Clause(Atom(sbt.plugins.JvmPlugin),Set(Atom(sbt.plugins.SemanticdbPlugin)))
[debug] Clause(Atom(sbt.plugins.JvmPlugin),Set(Atom(sbt.plugins.JUnitXmlReportPlugin)))
[debug] Clause(Atom(sbt.plugins.CorePlugin),Set(Atom(sbt.plugins.Giter8TemplatePlugin)))
[debug] Clause(Atom(sbt.plugins.JvmPlugin),Set(Atom(sbt.plugins.MiniDependencyTreePlugin))))
[debug]   :: deduced result: Matched(sbt.plugins.CorePlugin,sbt.plugins.Giter8TemplatePlugin,sbt.plugins.IvyPlugin,sbt.plugins.JvmPlugin,sbt.plugins.MiniDependencyTreePlugin,sbt.plugins.JUnitXmlReportPlugin,sbt.plugins.SemanticdbPlugin)
[debug] Plugins.deducer#function took 28.5085 ms
[debug]           Load.resolveProject(global-plugins) took 69.7818ms
[debug]         Load.loadTransitive: finalizeProject(Project(id global-plugins, base: C:\Users\youssef\.sbt\1.0\plugins, plugins: List(<none>))) took 131.2089ms
[debug] [Loading] Done in C:\Users\youssef\.sbt\1.0\plugins, returning: (global-plugins)
[debug]       Load.loadUnit: loadedProjectsRaw took 162.2625ms
[debug]       Load.loadUnit: cleanEvalClasses took 0.8161ms
[debug]     Load.loadUnit(file:/C:/Users/youssef/.sbt/1.0/plugins/, ...) took 317.1333ms
[debug]   Load.apply: load took 529.9703ms
[debug]   Load.apply: resolveProjects took 4.4915ms
[debug]   Load.apply: finalTransforms took 68.9548ms
[debug]   Load.apply: config.delegates took 5.8788ms
[debug]   Load.apply: Def.make(settings)... took 562.1938ms
[debug]   Load.apply: structureIndex took 133.235ms
[debug]   Load.apply: mkStreams took 1.4283ms
[info] loading global plugins from C:\Users\youssef\.sbt\1.0\plugins
[debug] Running task... Cancel: Signal, check cycles: false, forcegc: true
[debug] Load.defaultLoad until apply took 3354.4156ms
[debug]           Load.loadUnit: plugins took 22.3367ms
[debug]           Load.loadUnit: defsScala took 0.0042ms
[debug] [Loading] Scanning directory C:\Users\youssef\Documents\chatbot project\faith chatbot\SRC\project
[debug]             Load.loadUnit: mkEval took 6.6886ms
[debug] [Loading] Found non-root projects 
[debug] [Loading] Done in C:\Users\youssef\Documents\chatbot project\faith chatbot\SRC\project, returning: ()
[debug] deducing auto plugins based on known facts Set(Atom(sbt.plugins.CorePlugin)) and clauses Clauses(Clause(Atom(sbt.plugins.JvmPlugin),Set(Atom(sbt.plugins.IvyPlugin)))
[debug] Clause(Atom(sbt.ScriptedPlugin),Set(Atom(sbt.plugins.JvmPlugin)))
[debug] Clause(Atom(sbt.plugins.SbtPlugin),Set(Atom(sbt.ScriptedPlugin)))
[debug] Clause(Atom(sbt.plugins.SemanticdbPlugin),Set(Atom(sbt.plugins.JvmPlugin)))
[debug] Clause(Atom(sbt.plugins.JUnitXmlReportPlugin),Set(Atom(sbt.plugins.JvmPlugin)))
[debug] Clause(Atom(sbt.plugins.MiniDependencyTreePlugin),Set(Atom(sbt.plugins.JvmPlugin)))
[debug] Clause(Atom(sbt.plugins.CorePlugin),Set(Atom(sbt.plugins.IvyPlugin)))
[debug] Clause(Atom(sbt.plugins.IvyPlugin),Set(Atom(sbt.plugins.JvmPlugin)))
[debug] Clause(Atom(sbt.plugins.JvmPlugin),Set(Atom(sbt.plugins.SemanticdbPlugin)))
[debug] Clause(Atom(sbt.plugins.JvmPlugin),Set(Atom(sbt.plugins.JUnitXmlReportPlugin)))
[debug] Clause(Atom(sbt.plugins.CorePlugin),Set(Atom(sbt.plugins.Giter8TemplatePlugin)))
[debug] Clause(Atom(sbt.plugins.JvmPlugin),Set(Atom(sbt.plugins.MiniDependencyTreePlugin))))
[debug]   :: deduced result: Matched(sbt.plugins.CorePlugin,sbt.plugins.Giter8TemplatePlugin,sbt.plugins.IvyPlugin,sbt.plugins.JvmPlugin,sbt.plugins.MiniDependencyTreePlugin,sbt.plugins.JUnitXmlReportPlugin,sbt.plugins.SemanticdbPlugin)
[debug] Plugins.deducer#function took 1.8142 ms
[info] loading settings for project src-build from idea2.sbt ...
[debug]               Load.resolveProject(src-build) took 2.3596ms
[debug]             Load.loadTransitive: finalizeProject(Project(id src-build, base: C:\Users\youssef\Documents\chatbot project\faith chatbot\SRC\project, plugins: List(<none>))) took 4.6642ms
[debug] [Loading] Done in C:\Users\youssef\Documents\chatbot project\faith chatbot\SRC\project, returning: (src-build)
[debug]           Load.loadUnit: loadedProjectsRaw took 156.2944ms
[debug]           Load.loadUnit: cleanEvalClasses took 4.5069ms
[debug]         Load.loadUnit(file:/C:/Users/youssef/Documents/chatbot%20project/faith%20chatbot/SRC/project/, ...) took 184.0363ms
[debug]       Load.apply: load took 185.8285ms
[debug]       Load.apply: resolveProjects took 0.1689ms
[debug]       Load.apply: finalTransforms took 14.561ms
[debug]       Load.apply: config.delegates took 0.4018ms
[debug]       Load.apply: Def.make(settings)... took 100.2088ms
[debug]       Load.apply: structureIndex took 37.9273ms
[debug]       Load.apply: mkStreams took 0.0028ms
[info] loading project definition from C:\Users\youssef\Documents\chatbot project\faith chatbot\SRC\project
[debug] Running task... Cancel: Signal, check cycles: false, forcegc: true
[debug]     Load.loadUnit: plugins took 594.2779ms
[debug]     Load.loadUnit: defsScala took 0.0037ms
[debug] [Loading] Scanning directory C:\Users\youssef\Documents\chatbot project\faith chatbot\SRC
[debug]       Load.loadUnit: mkEval took 0.3064ms
[debug] [Loading] Found root project root w/ remaining 
[debug] deducing auto plugins based on known facts Set(Atom(sbt.plugins.CorePlugin)) and clauses Clauses(Clause(Atom(sbt.plugins.JvmPlugin),Set(Atom(sbt.plugins.IvyPlugin)))
[debug] Clause(Atom(sbt.ScriptedPlugin),Set(Atom(sbt.plugins.JvmPlugin)))
[debug] Clause(Atom(sbt.plugins.SbtPlugin),Set(Atom(sbt.ScriptedPlugin)))
[debug] Clause(Atom(sbt.plugins.SemanticdbPlugin),Set(Atom(sbt.plugins.JvmPlugin)))
[debug] Clause(Atom(sbt.plugins.JUnitXmlReportPlugin),Set(Atom(sbt.plugins.JvmPlugin)))
[debug] Clause(Atom(sbt.plugins.MiniDependencyTreePlugin),Set(Atom(sbt.plugins.JvmPlugin)))
[debug] Clause(Atom(org.jetbrains.sbt.StructurePlugin),Set(Atom(sbt.plugins.JvmPlugin)))
[debug] Clause(Atom(org.jetbrains.sbt.IdeaShellPlugin),Set(Atom(sbt.plugins.JvmPlugin)))
[debug] Clause(Atom(org.jetbrains.sbt.indices.SbtIntellijIndicesPlugin),Set(Atom(sbt.plugins.JvmPlugin)))
[debug] Clause(Atom(sbt.plugins.CorePlugin),Set(Atom(sbt.plugins.IvyPlugin)))
[debug] Clause(Atom(sbt.plugins.IvyPlugin),Set(Atom(sbt.plugins.JvmPlugin)))
[debug] Clause(Atom(sbt.plugins.JvmPlugin),Set(Atom(sbt.plugins.SemanticdbPlugin)))
[debug] Clause(Atom(sbt.plugins.JvmPlugin),Set(Atom(sbt.plugins.JUnitXmlReportPlugin)))
[debug] Clause(Atom(sbt.plugins.CorePlugin),Set(Atom(sbt.plugins.Giter8TemplatePlugin)))
[debug] Clause(Atom(sbt.plugins.JvmPlugin),Set(Atom(sbt.plugins.MiniDependencyTreePlugin)))
[debug] Clause(Atom(sbt.plugins.JvmPlugin),Set(Atom(org.jetbrains.sbt.StructurePlugin)))
[debug] Clause(Atom(sbt.plugins.JvmPlugin),Set(Atom(org.jetbrains.sbt.IdeaShellPlugin)))
[debug] Clause(And(Set(Atom(sbt.plugins.CorePlugin), Atom(sbt.plugins.JvmPlugin))),Set(Atom(org.jetbrains.sbt.indices.SbtIntellijIndicesPlugin))))
[debug]   :: deduced result: Matched(sbt.plugins.CorePlugin,sbt.plugins.Giter8TemplatePlugin,sbt.plugins.IvyPlugin,sbt.plugins.JvmPlugin,sbt.plugins.SemanticdbPlugin,org.jetbrains.sbt.indices.SbtIntellijIndicesPlugin,sbt.plugins.JUnitXmlReportPlugin,org.jetbrains.sbt.IdeaShellPlugin,org.jetbrains.sbt.StructurePlugin,sbt.plugins.MiniDependencyTreePlugin)
[debug] Plugins.deducer#function took 2.2294 ms
[info] loading settings for project root from build.sbt ...
[debug]         Load.resolveProject(root) took 37.6826ms
[debug]       Load.loadTransitive: finalizeProject(Project(id root, base: C:\Users\youssef\Documents\chatbot project\faith chatbot\SRC, plugins: List(<none>))) took 41.3386ms
[debug] [Loading] Done in C:\Users\youssef\Documents\chatbot project\faith chatbot\SRC, returning: (root)
[debug]     Load.loadUnit: loadedProjectsRaw took 122.7482ms
[debug]     Load.loadUnit: cleanEvalClasses took 13.0856ms
[debug]   Load.loadUnit(file:/C:/Users/youssef/Documents/chatbot%20project/faith%20chatbot/SRC/, ...) took 731.4828ms
[debug] Load.apply: load took 733.9086ms
[debug] Load.apply: resolveProjects took 0.1762ms
[debug] Load.apply: finalTransforms took 29.2371ms
[debug] Load.apply: config.delegates took 0.4817ms
[debug] Load.apply: Def.make(settings)... took 73.2882ms
[debug] Load.apply: structureIndex took 31.4176ms
[debug] Load.apply: mkStreams took 0.0028ms
[info] set current project to Hatla2ee_chatbot (in build file:/C:/Users/youssef/Documents/chatbot%20project/faith%20chatbot/SRC/)
[debug] > Exec(sbtPopOnFailure, None, None)
[debug] > Exec(resumeFromFailure, None, None)
[debug] > Exec(notifyUsersAboutShell, None, None)
[debug] > Exec(iflast shell, None, None)
[debug] > Exec(; set ideaPort in Global := 57140 ; idea-shell, None, None)
[debug] > Exec(set ideaPort in Global := 57140, None, None)
[info] Defining Global / ideaPort
[info] The new value will be used by Compile / compile, Test / compile
[debug] Defining 
[debug] 	Global / ideaPort
[debug] 
[debug] The new value will be used by 
[debug] 	Compile / compile
[debug] 	Test / compile
[info] Reapplying settings...
[info] set current project to Hatla2ee_chatbot (in build file:/C:/Users/youssef/Documents/chatbot%20project/faith%20chatbot/SRC/)
[debug] > Exec(idea-shell, None, None)
