[debug] > Exec(early(addDefaultCommands), None, None)
[debug] > Exec(addDefaultCommands, None, None)
[debug] > Exec(early(initialize), None, None)
[debug] > Exec(initialize, None, None)
[debug] > Exec(early(addPluginSbtFile="""C:\Users\youssef\AppData\Local\Temp\idea1.sbt"""), None, None)
[debug] > Exec(addPluginSbtFile="""C:\Users\youssef\AppData\Local\Temp\idea1.sbt""", None, None)
[debug] > Exec(boot, None, None)
[debug] > Exec(writeSbtVersion, None, None)
[debug] > Exec(reload, None, None)
[debug] > Exec(sbtStashOnFailure, None, None)
[debug] > Exec(onFailure loadFailed, None, None)
[debug] > Exec(loadp, None, None)
[info] welcome to sbt 1.9.9 (Amazon.com Inc. Java 17.0.11)
[debug]       Load.loadUnit: plugins took 159.9679ms
[debug]       Load.loadUnit: defsScala took 0.4171ms
[debug] [Loading] Scanning directory C:\Users\youssef\.sbt\1.0\plugins
[debug] [Loading] Found non-root projects 
[debug] [Loading] Done in C:\Users\youssef\.sbt\1.0\plugins, returning: ()
[debug] deducing auto plugins based on known facts Set(Atom(sbt.plugins.CorePlugin)) and clauses Clauses(Clause(Atom(sbt.plugins.JvmPlugin),Set(Atom(sbt.plugins.IvyPlugin)))
[debug] Clause(Atom(sbt.ScriptedPlugin),Set(Atom(sbt.plugins.JvmPlugin)))
[debug] Clause(Atom(sbt.plugins.SbtPlugin),Set(Atom(sbt.ScriptedPlugin)))
[debug] Clause(Atom(sbt.plugins.SemanticdbPlugin),Set(Atom(sbt.plugins.JvmPlugin)))
[debug] Clause(Atom(sbt.plugins.JUnitXmlReportPlugin),Set(Atom(sbt.plugins.JvmPlugin)))
[debug] Clause(Atom(sbt.plugins.MiniDependencyTreePlugin),Set(Atom(sbt.plugins.JvmPlugin)))
[debug] Clause(Atom(sbt.plugins.CorePlugin),Set(Atom(sbt.plugins.IvyPlugin)))
[debug] Clause(Atom(sbt.plugins.IvyPlugin),Set(Atom(sbt.plugins.JvmPlugin)))
[debug] Clause(Atom(sbt.plugins.JvmPlugin),Set(Atom(sbt.plugins.SemanticdbPlugin)))
[debug] Clause(Atom(sbt.plugins.JvmPlugin),Set(Atom(sbt.plugins.JUnitXmlReportPlugin)))
[debug] Clause(Atom(sbt.plugins.CorePlugin),Set(Atom(sbt.plugins.Giter8TemplatePlugin)))
[debug] Clause(Atom(sbt.plugins.JvmPlugin),Set(Atom(sbt.plugins.MiniDependencyTreePlugin))))
[debug]   :: deduced result: Matched(sbt.plugins.CorePlugin,sbt.plugins.Giter8TemplatePlugin,sbt.plugins.IvyPlugin,sbt.plugins.JvmPlugin,sbt.plugins.MiniDependencyTreePlugin,sbt.plugins.JUnitXmlReportPlugin,sbt.plugins.SemanticdbPlugin)
[debug] Plugins.deducer#function took 22.1045 ms
[debug]           Load.resolveProject(global-plugins) took 42.4502ms
[debug]         Load.loadTransitive: finalizeProject(Project(id global-plugins, base: C:\Users\youssef\.sbt\1.0\plugins, plugins: List(<none>))) took 87.5801ms
[debug] [Loading] Done in C:\Users\youssef\.sbt\1.0\plugins, returning: (global-plugins)
[debug]       Load.loadUnit: loadedProjectsRaw took 122.6481ms
[debug]       Load.loadUnit: cleanEvalClasses took 0.2801ms
[debug]     Load.loadUnit(file:/C:/Users/youssef/.sbt/1.0/plugins/, ...) took 293.627ms
[debug]   Load.apply: load took 488.3197ms
[debug]   Load.apply: resolveProjects took 6.4337ms
[debug]   Load.apply: finalTransforms took 72.7063ms
[debug]   Load.apply: config.delegates took 22.6468ms
[debug]   Load.apply: Def.make(settings)... took 423.1167ms
[debug]   Load.apply: structureIndex took 124.1091ms
[debug]   Load.apply: mkStreams took 1.4659ms
[info] loading global plugins from C:\Users\youssef\.sbt\1.0\plugins
[debug] Running task... Cancel: Signal, check cycles: false, forcegc: true
[debug] Load.defaultLoad until apply took 2365.8716ms
[debug]           Load.loadUnit: plugins took 21.084ms
[debug]           Load.loadUnit: defsScala took 0.0047ms
[debug] [Loading] Scanning directory C:\Users\youssef\Documents\chatbot project\faith chatbot\SRC\project
[debug]             Load.loadUnit: mkEval took 5.5997ms
[debug] [Loading] Found non-root projects 
[debug] [Loading] Done in C:\Users\youssef\Documents\chatbot project\faith chatbot\SRC\project, returning: ()
[debug] deducing auto plugins based on known facts Set(Atom(sbt.plugins.CorePlugin)) and clauses Clauses(Clause(Atom(sbt.plugins.JvmPlugin),Set(Atom(sbt.plugins.IvyPlugin)))
[debug] Clause(Atom(sbt.ScriptedPlugin),Set(Atom(sbt.plugins.JvmPlugin)))
[debug] Clause(Atom(sbt.plugins.SbtPlugin),Set(Atom(sbt.ScriptedPlugin)))
[debug] Clause(Atom(sbt.plugins.SemanticdbPlugin),Set(Atom(sbt.plugins.JvmPlugin)))
[debug] Clause(Atom(sbt.plugins.JUnitXmlReportPlugin),Set(Atom(sbt.plugins.JvmPlugin)))
[debug] Clause(Atom(sbt.plugins.MiniDependencyTreePlugin),Set(Atom(sbt.plugins.JvmPlugin)))
[debug] Clause(Atom(sbt.plugins.CorePlugin),Set(Atom(sbt.plugins.IvyPlugin)))
[debug] Clause(Atom(sbt.plugins.IvyPlugin),Set(Atom(sbt.plugins.JvmPlugin)))
[debug] Clause(Atom(sbt.plugins.JvmPlugin),Set(Atom(sbt.plugins.SemanticdbPlugin)))
[debug] Clause(Atom(sbt.plugins.JvmPlugin),Set(Atom(sbt.plugins.JUnitXmlReportPlugin)))
[debug] Clause(Atom(sbt.plugins.CorePlugin),Set(Atom(sbt.plugins.Giter8TemplatePlugin)))
[debug] Clause(Atom(sbt.plugins.JvmPlugin),Set(Atom(sbt.plugins.MiniDependencyTreePlugin))))
[debug]   :: deduced result: Matched(sbt.plugins.CorePlugin,sbt.plugins.Giter8TemplatePlugin,sbt.plugins.IvyPlugin,sbt.plugins.JvmPlugin,sbt.plugins.MiniDependencyTreePlugin,sbt.plugins.JUnitXmlReportPlugin,sbt.plugins.SemanticdbPlugin)
[debug] Plugins.deducer#function took 2.1549 ms
[info] loading settings for project src-build from idea1.sbt ...
[debug]               Load.resolveProject(src-build) took 3.5962ms
[debug]             Load.loadTransitive: finalizeProject(Project(id src-build, base: C:\Users\youssef\Documents\chatbot project\faith chatbot\SRC\project, plugins: List(<none>))) took 6.3229ms
[debug] [Loading] Done in C:\Users\youssef\Documents\chatbot project\faith chatbot\SRC\project, returning: (src-build)
[debug]           Load.loadUnit: loadedProjectsRaw took 158.7978ms
[debug]           Load.loadUnit: cleanEvalClasses took 5.9676ms
[debug]         Load.loadUnit(file:/C:/Users/youssef/Documents/chatbot%20project/faith%20chatbot/SRC/project/, ...) took 186.7944ms
[debug]       Load.apply: load took 188.8131ms
[debug]       Load.apply: resolveProjects took 0.7172ms
[debug]       Load.apply: finalTransforms took 15.2629ms
[debug]       Load.apply: config.delegates took 0.4223ms
[debug]       Load.apply: Def.make(settings)... took 98.0101ms
[debug]       Load.apply: structureIndex took 29.1338ms
[debug]       Load.apply: mkStreams took 0.0021ms
[info] loading project definition from C:\Users\youssef\Documents\chatbot project\faith chatbot\SRC\project
[debug] Running task... Cancel: Signal, check cycles: false, forcegc: true
[warn] Unrecognized repository Scala Plugin Bundled Repository, ignoring it
[warn] Unrecognized repository Scala Plugin Bundled Repository, ignoring it
[debug]     Load.loadUnit: plugins took 1449.0568ms
[debug]     Load.loadUnit: defsScala took 0.0033ms
[debug] [Loading] Scanning directory C:\Users\youssef\Documents\chatbot project\faith chatbot\SRC
[debug]       Load.loadUnit: mkEval took 0.3472ms
[debug] [Loading] Found root project root w/ remaining 
[debug] deducing auto plugins based on known facts Set(Atom(sbt.plugins.CorePlugin)) and clauses Clauses(Clause(Atom(sbt.plugins.JvmPlugin),Set(Atom(sbt.plugins.IvyPlugin)))
[debug] Clause(Atom(sbt.ScriptedPlugin),Set(Atom(sbt.plugins.JvmPlugin)))
[debug] Clause(Atom(sbt.plugins.SbtPlugin),Set(Atom(sbt.ScriptedPlugin)))
[debug] Clause(Atom(sbt.plugins.SemanticdbPlugin),Set(Atom(sbt.plugins.JvmPlugin)))
[debug] Clause(Atom(sbt.plugins.JUnitXmlReportPlugin),Set(Atom(sbt.plugins.JvmPlugin)))
[debug] Clause(Atom(sbt.plugins.MiniDependencyTreePlugin),Set(Atom(sbt.plugins.JvmPlugin)))
[debug] Clause(Atom(org.jetbrains.sbt.StructurePlugin),Set(Atom(sbt.plugins.JvmPlugin)))
[debug] Clause(Atom(org.jetbrains.sbt.IdeaShellPlugin),Set(Atom(sbt.plugins.JvmPlugin)))
[debug] Clause(Atom(org.jetbrains.sbt.indices.SbtIntellijIndicesPlugin),Set(Atom(sbt.plugins.JvmPlugin)))
[debug] Clause(Atom(sbt.plugins.CorePlugin),Set(Atom(sbt.plugins.IvyPlugin)))
[debug] Clause(Atom(sbt.plugins.IvyPlugin),Set(Atom(sbt.plugins.JvmPlugin)))
[debug] Clause(Atom(sbt.plugins.JvmPlugin),Set(Atom(sbt.plugins.SemanticdbPlugin)))
[debug] Clause(Atom(sbt.plugins.JvmPlugin),Set(Atom(sbt.plugins.JUnitXmlReportPlugin)))
[debug] Clause(Atom(sbt.plugins.CorePlugin),Set(Atom(sbt.plugins.Giter8TemplatePlugin)))
[debug] Clause(Atom(sbt.plugins.JvmPlugin),Set(Atom(sbt.plugins.MiniDependencyTreePlugin)))
[debug] Clause(Atom(sbt.plugins.JvmPlugin),Set(Atom(org.jetbrains.sbt.StructurePlugin)))
[debug] Clause(Atom(sbt.plugins.JvmPlugin),Set(Atom(org.jetbrains.sbt.IdeaShellPlugin)))
[debug] Clause(And(Set(Atom(sbt.plugins.CorePlugin), Atom(sbt.plugins.JvmPlugin))),Set(Atom(org.jetbrains.sbt.indices.SbtIntellijIndicesPlugin))))
[debug]   :: deduced result: Matched(sbt.plugins.CorePlugin,sbt.plugins.Giter8TemplatePlugin,sbt.plugins.IvyPlugin,sbt.plugins.JvmPlugin,sbt.plugins.SemanticdbPlugin,org.jetbrains.sbt.indices.SbtIntellijIndicesPlugin,sbt.plugins.JUnitXmlReportPlugin,org.jetbrains.sbt.IdeaShellPlugin,org.jetbrains.sbt.StructurePlugin,sbt.plugins.MiniDependencyTreePlugin)
[debug] Plugins.deducer#function took 2.2767 ms
[info] loading settings for project root from build.sbt ...
[debug]         Load.resolveProject(root) took 28.9706ms
[debug]       Load.loadTransitive: finalizeProject(Project(id root, base: C:\Users\youssef\Documents\chatbot project\faith chatbot\SRC, plugins: List(<none>))) took 32.7075ms
[debug] [Loading] Done in C:\Users\youssef\Documents\chatbot project\faith chatbot\SRC, returning: (root)
[debug]     Load.loadUnit: loadedProjectsRaw took 3436.0549ms
[debug]     Load.loadUnit: cleanEvalClasses took 16.7989ms
[debug]   Load.loadUnit(file:/C:/Users/youssef/Documents/chatbot%20project/faith%20chatbot/SRC/, ...) took 4902.7969ms
[debug] Load.apply: load took 4905.0387ms
[debug] Load.apply: resolveProjects took 0.1596ms
[debug] Load.apply: finalTransforms took 25.8091ms
[debug] Load.apply: config.delegates took 0.3668ms
[debug] Load.apply: Def.make(settings)... took 91.1432ms
[debug] Load.apply: structureIndex took 29.8022ms
[debug] Load.apply: mkStreams took 0.0052ms
[info] set current project to Hatla2ee_chatbot (in build file:/C:/Users/youssef/Documents/chatbot%20project/faith%20chatbot/SRC/)
[debug] > Exec(sbtPopOnFailure, None, None)
[debug] > Exec(resumeFromFailure, None, None)
[debug] > Exec(notifyUsersAboutShell, None, None)
[debug] > Exec(iflast shell, None, None)
[debug] > Exec(; set ideaPort in Global := 57425 ; idea-shell, None, None)
[debug] > Exec(set ideaPort in Global := 57425, None, None)
[info] Defining Global / ideaPort
[info] The new value will be used by Compile / compile, Test / compile
[debug] Defining 
[debug] 	Global / ideaPort
[debug] 
[debug] The new value will be used by 
[debug] 	Compile / compile
[debug] 	Test / compile
[info] Reapplying settings...
[info] set current project to Hatla2ee_chatbot (in build file:/C:/Users/youssef/Documents/chatbot%20project/faith%20chatbot/SRC/)
[debug] > Exec(idea-shell, None, None)
