[debug] > Exec(early(addDefaultCommands), None, None)
[debug] > Exec(addDefaultCommands, None, None)
[debug] > Exec(early(initialize), None, None)
[debug] > Exec(initialize, None, None)
[debug] > Exec(early(addPluginSbtFile="""C:\Users\youssef\AppData\Local\Temp\idea1.sbt"""), None, None)
[debug] > Exec(addPluginSbtFile="""C:\Users\youssef\AppData\Local\Temp\idea1.sbt""", None, None)
[debug] > Exec(boot, None, None)
[debug] > Exec(writeSbtVersion, None, None)
[debug] > Exec(reload, None, None)
[debug] > Exec(sbtStashOnFailure, None, None)
[debug] > Exec(onFailure loadFailed, None, None)
[debug] > Exec(loadp, None, None)
[info] welcome to sbt 1.9.9 (Oracle Corporation Java 19.0.1)
[debug]       Load.loadUnit: plugins took 111.7689ms
[debug]       Load.loadUnit: defsScala took 0.3036ms
[debug] [Loading] Scanning directory C:\Users\youssef\.sbt\1.0\plugins
[debug] [Loading] Found non-root projects 
[debug] [Loading] Done in C:\Users\youssef\.sbt\1.0\plugins, returning: ()
[debug] deducing auto plugins based on known facts Set(Atom(sbt.plugins.CorePlugin)) and clauses Clauses(Clause(Atom(sbt.plugins.JvmPlugin),Set(Atom(sbt.plugins.IvyPlugin)))
[debug] Clause(Atom(sbt.ScriptedPlugin),Set(Atom(sbt.plugins.JvmPlugin)))
[debug] Clause(Atom(sbt.plugins.SbtPlugin),Set(Atom(sbt.ScriptedPlugin)))
[debug] Clause(Atom(sbt.plugins.SemanticdbPlugin),Set(Atom(sbt.plugins.JvmPlugin)))
[debug] Clause(Atom(sbt.plugins.JUnitXmlReportPlugin),Set(Atom(sbt.plugins.JvmPlugin)))
[debug] Clause(Atom(sbt.plugins.MiniDependencyTreePlugin),Set(Atom(sbt.plugins.JvmPlugin)))
[debug] Clause(Atom(sbt.plugins.CorePlugin),Set(Atom(sbt.plugins.IvyPlugin)))
[debug] Clause(Atom(sbt.plugins.IvyPlugin),Set(Atom(sbt.plugins.JvmPlugin)))
[debug] Clause(Atom(sbt.plugins.JvmPlugin),Set(Atom(sbt.plugins.SemanticdbPlugin)))
[debug] Clause(Atom(sbt.plugins.JvmPlugin),Set(Atom(sbt.plugins.JUnitXmlReportPlugin)))
[debug] Clause(Atom(sbt.plugins.CorePlugin),Set(Atom(sbt.plugins.Giter8TemplatePlugin)))
[debug] Clause(Atom(sbt.plugins.JvmPlugin),Set(Atom(sbt.plugins.MiniDependencyTreePlugin))))
[debug]   :: deduced result: Matched(sbt.plugins.CorePlugin,sbt.plugins.Giter8TemplatePlugin,sbt.plugins.IvyPlugin,sbt.plugins.JvmPlugin,sbt.plugins.MiniDependencyTreePlugin,sbt.plugins.JUnitXmlReportPlugin,sbt.plugins.SemanticdbPlugin)
[debug] Plugins.deducer#function took 45.9855 ms
[debug]           Load.resolveProject(global-plugins) took 92.1341ms
[debug]         Load.loadTransitive: finalizeProject(Project(id global-plugins, base: C:\Users\youssef\.sbt\1.0\plugins, plugins: List(<none>))) took 184.9927ms
[debug] [Loading] Done in C:\Users\youssef\.sbt\1.0\plugins, returning: (global-plugins)
[debug]       Load.loadUnit: loadedProjectsRaw took 208.1397ms
[debug]       Load.loadUnit: cleanEvalClasses took 0.2083ms
[debug]     Load.loadUnit(file:/C:/Users/youssef/.sbt/1.0/plugins/, ...) took 336.0003ms
[debug]   Load.apply: load took 624.504ms
[debug]   Load.apply: resolveProjects took 10.2033ms
[debug]   Load.apply: finalTransforms took 165.5228ms
[debug]   Load.apply: config.delegates took 29.4252ms
[debug]   Load.apply: Def.make(settings)... took 706.6411ms
[debug]   Load.apply: structureIndex took 133.9454ms
[debug]   Load.apply: mkStreams took 1.137ms
[info] loading global plugins from C:\Users\youssef\.sbt\1.0\plugins
[debug] Running task... Cancel: Signal, check cycles: false, forcegc: true
[debug] Load.defaultLoad until apply took 16714.0828ms
[debug]           Load.loadUnit: plugins took 54.8033ms
[debug]           Load.loadUnit: defsScala took 0.0118ms
[debug] [Loading] Scanning directory C:\Users\youssef\Documents\chatbot project\Hatla2ee_chatbot\project
[debug]             Load.loadUnit: mkEval took 11.651ms
[debug] [Loading] Found non-root projects 
[debug] [Loading] Done in C:\Users\youssef\Documents\chatbot project\Hatla2ee_chatbot\project, returning: ()
[debug] deducing auto plugins based on known facts Set(Atom(sbt.plugins.CorePlugin)) and clauses Clauses(Clause(Atom(sbt.plugins.JvmPlugin),Set(Atom(sbt.plugins.IvyPlugin)))
[debug] Clause(Atom(sbt.ScriptedPlugin),Set(Atom(sbt.plugins.JvmPlugin)))
[debug] Clause(Atom(sbt.plugins.SbtPlugin),Set(Atom(sbt.ScriptedPlugin)))
[debug] Clause(Atom(sbt.plugins.SemanticdbPlugin),Set(Atom(sbt.plugins.JvmPlugin)))
[debug] Clause(Atom(sbt.plugins.JUnitXmlReportPlugin),Set(Atom(sbt.plugins.JvmPlugin)))
[debug] Clause(Atom(sbt.plugins.MiniDependencyTreePlugin),Set(Atom(sbt.plugins.JvmPlugin)))
[debug] Clause(Atom(sbt.plugins.CorePlugin),Set(Atom(sbt.plugins.IvyPlugin)))
[debug] Clause(Atom(sbt.plugins.IvyPlugin),Set(Atom(sbt.plugins.JvmPlugin)))
[debug] Clause(Atom(sbt.plugins.JvmPlugin),Set(Atom(sbt.plugins.SemanticdbPlugin)))
[debug] Clause(Atom(sbt.plugins.JvmPlugin),Set(Atom(sbt.plugins.JUnitXmlReportPlugin)))
[debug] Clause(Atom(sbt.plugins.CorePlugin),Set(Atom(sbt.plugins.Giter8TemplatePlugin)))
[debug] Clause(Atom(sbt.plugins.JvmPlugin),Set(Atom(sbt.plugins.MiniDependencyTreePlugin))))
[debug]   :: deduced result: Matched(sbt.plugins.CorePlugin,sbt.plugins.Giter8TemplatePlugin,sbt.plugins.IvyPlugin,sbt.plugins.JvmPlugin,sbt.plugins.MiniDependencyTreePlugin,sbt.plugins.JUnitXmlReportPlugin,sbt.plugins.SemanticdbPlugin)
[debug] Plugins.deducer#function took 1.8919 ms
[info] loading settings for project hatla2ee_chatbot-build from idea1.sbt ...
[debug]               Load.resolveProject(hatla2ee_chatbot-build) took 15.9018ms
[debug]             Load.loadTransitive: finalizeProject(Project(id hatla2ee_chatbot-build, base: C:\Users\youssef\Documents\chatbot project\Hatla2ee_chatbot\project, plugins: List(<none>))) took 18.4266ms
[debug] [Loading] Done in C:\Users\youssef\Documents\chatbot project\Hatla2ee_chatbot\project, returning: (hatla2ee_chatbot-build)
[debug]           Load.loadUnit: loadedProjectsRaw took 476.0058ms
[debug]           Load.loadUnit: cleanEvalClasses took 18.3852ms
[debug]         Load.loadUnit(file:/C:/Users/youssef/Documents/chatbot%20project/Hatla2ee_chatbot/project/, ...) took 550.9658ms
[debug]       Load.apply: load took 553.197ms
[debug]       Load.apply: resolveProjects took 0.1923ms
[debug]       Load.apply: finalTransforms took 11.9644ms
[debug]       Load.apply: config.delegates took 0.5428ms
[debug]       Load.apply: Def.make(settings)... took 173.2605ms
[debug]       Load.apply: structureIndex took 70.5233ms
[debug]       Load.apply: mkStreams took 0.0034ms
[info] loading project definition from C:\Users\youssef\Documents\chatbot project\Hatla2ee_chatbot\project
[debug] Running task... Cancel: Signal, check cycles: false, forcegc: true
[warn] Unrecognized repository Scala Plugin Bundled Repository, ignoring it
[warn] Unrecognized repository Scala Plugin Bundled Repository, ignoring it
[debug]     Load.loadUnit: plugins took 1790.6795ms
[debug]     Load.loadUnit: defsScala took 0.0051ms
[debug] [Loading] Scanning directory C:\Users\youssef\Documents\chatbot project\Hatla2ee_chatbot
[debug]       Load.loadUnit: mkEval took 0.5504ms
[debug] [Loading] Found root project root w/ remaining 
[debug] deducing auto plugins based on known facts Set(Atom(sbt.plugins.CorePlugin)) and clauses Clauses(Clause(Atom(sbt.plugins.JvmPlugin),Set(Atom(sbt.plugins.IvyPlugin)))
[debug] Clause(Atom(sbt.ScriptedPlugin),Set(Atom(sbt.plugins.JvmPlugin)))
[debug] Clause(Atom(sbt.plugins.SbtPlugin),Set(Atom(sbt.ScriptedPlugin)))
[debug] Clause(Atom(sbt.plugins.SemanticdbPlugin),Set(Atom(sbt.plugins.JvmPlugin)))
[debug] Clause(Atom(sbt.plugins.JUnitXmlReportPlugin),Set(Atom(sbt.plugins.JvmPlugin)))
[debug] Clause(Atom(sbt.plugins.MiniDependencyTreePlugin),Set(Atom(sbt.plugins.JvmPlugin)))
[debug] Clause(Atom(org.jetbrains.sbt.StructurePlugin),Set(Atom(sbt.plugins.JvmPlugin)))
[debug] Clause(Atom(org.jetbrains.sbt.IdeaShellPlugin),Set(Atom(sbt.plugins.JvmPlugin)))
[debug] Clause(Atom(org.jetbrains.sbt.indices.SbtIntellijIndicesPlugin),Set(Atom(sbt.plugins.JvmPlugin)))
[debug] Clause(Atom(sbt.plugins.CorePlugin),Set(Atom(sbt.plugins.IvyPlugin)))
[debug] Clause(Atom(sbt.plugins.IvyPlugin),Set(Atom(sbt.plugins.JvmPlugin)))
[debug] Clause(Atom(sbt.plugins.JvmPlugin),Set(Atom(sbt.plugins.SemanticdbPlugin)))
[debug] Clause(Atom(sbt.plugins.JvmPlugin),Set(Atom(sbt.plugins.JUnitXmlReportPlugin)))
[debug] Clause(Atom(sbt.plugins.CorePlugin),Set(Atom(sbt.plugins.Giter8TemplatePlugin)))
[debug] Clause(Atom(sbt.plugins.JvmPlugin),Set(Atom(sbt.plugins.MiniDependencyTreePlugin)))
[debug] Clause(Atom(sbt.plugins.JvmPlugin),Set(Atom(org.jetbrains.sbt.StructurePlugin)))
[debug] Clause(Atom(sbt.plugins.JvmPlugin),Set(Atom(org.jetbrains.sbt.IdeaShellPlugin)))
[debug] Clause(And(Set(Atom(sbt.plugins.CorePlugin), Atom(sbt.plugins.JvmPlugin))),Set(Atom(org.jetbrains.sbt.indices.SbtIntellijIndicesPlugin))))
[debug]   :: deduced result: Matched(sbt.plugins.CorePlugin,sbt.plugins.Giter8TemplatePlugin,sbt.plugins.IvyPlugin,sbt.plugins.JvmPlugin,sbt.plugins.SemanticdbPlugin,org.jetbrains.sbt.indices.SbtIntellijIndicesPlugin,sbt.plugins.JUnitXmlReportPlugin,org.jetbrains.sbt.IdeaShellPlugin,org.jetbrains.sbt.StructurePlugin,sbt.plugins.MiniDependencyTreePlugin)
[debug] Plugins.deducer#function took 2.1155 ms
[info] loading settings for project root from build.sbt ...
[debug]         Load.resolveProject(root) took 35.0684ms
[debug]       Load.loadTransitive: finalizeProject(Project(id root, base: C:\Users\youssef\Documents\chatbot project\Hatla2ee_chatbot, plugins: List(<none>))) took 42.0302ms
[debug] [Loading] Done in C:\Users\youssef\Documents\chatbot project\Hatla2ee_chatbot, returning: (root)
[debug]     Load.loadUnit: loadedProjectsRaw took 3608.9306ms
[debug]     Load.loadUnit: cleanEvalClasses took 27.0208ms
[debug]   Load.loadUnit(file:/C:/Users/youssef/Documents/chatbot%20project/Hatla2ee_chatbot/, ...) took 5427.787ms
[debug] Load.apply: load took 5431.6859ms
[debug] Load.apply: resolveProjects took 0.1285ms
[debug] Load.apply: finalTransforms took 46.3276ms
[debug] Load.apply: config.delegates took 0.3658ms
[debug] Load.apply: Def.make(settings)... took 107.9125ms
[debug] Load.apply: structureIndex took 26.8322ms
[debug] Load.apply: mkStreams took 0.0052ms
[info] set current project to Hatla2ee_chatbot (in build file:/C:/Users/youssef/Documents/chatbot%20project/Hatla2ee_chatbot/)
[debug] > Exec(sbtPopOnFailure, None, None)
[debug] > Exec(resumeFromFailure, None, None)
[debug] > Exec(notifyUsersAboutShell, None, None)
[debug] > Exec(iflast shell, None, None)
[debug] > Exec(; set ideaPort in Global := 56264 ; idea-shell, None, None)
[debug] > Exec(set ideaPort in Global := 56264, None, None)
[info] Defining Global / ideaPort
[info] The new value will be used by Compile / compile, Test / compile
[debug] Defining 
[debug] 	Global / ideaPort
[debug] 
[debug] The new value will be used by 
[debug] 	Compile / compile
[debug] 	Test / compile
[info] Reapplying settings...
[info] set current project to Hatla2ee_chatbot (in build file:/C:/Users/youssef/Documents/chatbot%20project/Hatla2ee_chatbot/)
[debug] > Exec(idea-shell, None, None)
